<?xml version="1.0" encoding="UTF-8"?>
<!-- Generated by org.testng.reporters.JUnitReportReporter -->
<testsuite skipped="0" hostname="LAPTOP-8S9POBJ4" name="com.crm.RaJVtiger.TestScripts.CreateContactwithChooseOrganizationTest" tests="1" failures="0" timestamp="2022-04-01T19:09:26 IST" time="38.512" errors="0">
  <testcase name="createContactchooseOrganization" time="38.512" classname="com.crm.RaJVtiger.TestScripts.CreateContactwithChooseOrganizationTest"/>
  <system-out/>
</testsuite> <!-- com.crm.RaJVtiger.TestScripts.CreateContactwithChooseOrganizationTest -->
