<?xml version="1.0" encoding="UTF-8"?>
<!-- Generated by org.testng.reporters.JUnitReportReporter -->
<testsuite skipped="0" hostname="LAPTOP-8S9POBJ4" name="com.crm.RaJVtiger.TestScripts.CreateCompaignChooseProjectTest" tests="1" failures="0" timestamp="2022-04-01T19:09:26 IST" time="35.068" errors="0">
  <testcase name="createCampaignChooseProduct" time="35.068" classname="com.crm.RaJVtiger.TestScripts.CreateCompaignChooseProjectTest"/>
  <system-out/>
</testsuite> <!-- com.crm.RaJVtiger.TestScripts.CreateCompaignChooseProjectTest -->
